[ginBlog] 2025/09/18 15:26:38.866444 [INFO] Server Start ...
[ginBlog] 2025/09/18 15:29:13.721949 [INFO] CreateArticle success, article id: 5, author id: 8
[ginBlog] 2025/09/18 15:33:33.796248 [INFO] Server Start ...
[ginBlog] 2025/09/18 15:34:21.920515 [INFO] Server Start ...
[ginBlog] 2025/09/18 15:35:49.663123 [INFO] Server Start ...
[ginBlog] 2025/09/18 15:36:06.907974 [INFO] Server Start ...
[ginBlog] 2025/09/18 15:38:37.945143 [INFO] Server Start ...
[ginBlog] 2025/09/18 15:38:43.771007 [INFO] UpdateArticle success, article id: 5
[ginBlog] 2025/09/18 15:39:46.010183 [INFO] Server Start ...
[ginBlog] 2025/09/18 15:40:54.012062 [INFO] GetArticleList success, article count: 4
[ginBlog] 2025/09/18 15:41:50.982960 [INFO] UserLogin success, userid: 6
[ginBlog] 2025/09/18 15:41:54.460661 [INFO] GetArticleList success, article count: 4
[ginBlog] 2025/09/18 15:48:54.278687 [INFO] GetArticleList success, article count: 4
[ginBlog] 2025/09/18 15:49:23.939570 [INFO] UserLogin success, userid: 6
[ginBlog] 2025/09/18 15:49:56.044976 [INFO] UserLogin success, userid: 6
[ginBlog] 2025/09/18 15:54:25.756535 [INFO] UserLogin success, userid: 6
[ginBlog] 2025/09/18 15:54:37.677787 [INFO] CreateArticle success, article id: 6, author id: 6
[ginBlog] 2025/09/18 15:54:40.887261 [INFO] GetArticleList success, article count: 5
[ginBlog] 2025/09/18 15:55:14.886453 [INFO] GetArticleList success, article count: 5
[ginBlog] 2025/09/18 15:56:18.518629 [INFO] UserLogin success, userid: 6
[ginBlog] 2025/09/18 15:56:38.343765 [INFO] CreateArticle success, article id: 7, author id: 6
[ginBlog] 2025/09/18 16:01:16.365464 [INFO] Server Start ...
[ginBlog] 2025/09/18 16:01:39.501475 [INFO] UpdateArticle success, article id: 7
[ginBlog] 2025/09/18 16:01:57.305152 [INFO] UpdateArticle success, article id: 7
[ginBlog] 2025/09/18 16:03:50.269714 [INFO] UpdateArticle success, article id: 7
[ginBlog] 2025/09/18 16:05:00.342248 [INFO] Server Start ...
[ginBlog] 2025/09/18 16:05:05.735779 [INFO] UserLogin success, userid: 6
[ginBlog] 2025/09/18 16:08:59.980516 [INFO] UserLogin success, userid: 6
[ginBlog] 2025/09/18 16:09:52.840512 [INFO] UserLogin success, userid: 6
[ginBlog] 2025/09/18 16:10:21.112807 [INFO] UserLogin success, userid: 6
[ginBlog] 2025/09/18 16:18:28.119908 [INFO] UpdateArticle success, article id: 7
[ginBlog] 2025/09/18 16:20:33.880774 [INFO] CreateArticle success, article id: 8, author id: 6
[ginBlog] 2025/09/18 16:23:11.447902 [INFO] UpdateArticle success, article id: 7
[ginBlog] 2025/09/18 16:24:11.068558 [INFO] UpdateArticle success, article id: 7
[ginBlog] 2025/09/18 16:24:36.126552 [INFO] UpdateArticle success, article id: 7
[ginBlog] 2025/09/18 16:25:00.110263 [INFO] UserLogin success, userid: 6
[ginBlog] 2025/09/18 16:25:04.807765 [INFO] GetArticleList success, article count: 7
[ginBlog] 2025/09/18 16:25:10.573063 [INFO] UpdateArticle success, article id: 7
[ginBlog] 2025/09/18 16:32:35.560521 [INFO] UserLogin success, userid: 6
[ginBlog] 2025/09/18 16:33:31.935108 [INFO] UserLogin success, userid: 6
[ginBlog] 2025/09/18 16:35:29.818224 [INFO] UpdateArticle success, article id: 7
[ginBlog] 2025/09/18 16:43:36.275504 [INFO] Server Start ...
[ginBlog] 2025/09/18 16:45:50.325795 [INFO] UpdateArticle success, article id: 7
[ginBlog] 2025/09/18 16:52:14.592428 [INFO] Server Start ...
[ginBlog] 2025/09/18 16:53:54.353587 [INFO] Server Start ...
[ginBlog] 2025/09/18 16:53:58.838508 [INFO] DeleteArticle success, article id: 4
[ginBlog] 2025/09/18 16:54:19.730043 [INFO] GetArticleList success, article count: 6
[ginBlog] 2025/09/18 16:54:26.706633 [INFO] DeleteArticle success, article id: 1
[ginBlog] 2025/09/18 16:54:29.554006 [INFO] GetArticleList success, article count: 5
[ginBlog] 2025/09/18 16:54:46.755967 [INFO] Server Start ...
[ginBlog] 2025/09/18 16:54:55.142340 [INFO] UpdateArticle success, article id: 7
[ginBlog] 2025/09/18 16:54:59.445336 [INFO] UpdateArticle success, article id: 7
[ginBlog] 2025/09/18 17:00:19.557338 [INFO] UpdateArticle success, article id: 6
[ginBlog] 2025/09/18 17:00:41.439246 [INFO] UpdateArticle success, article id: 6
[ginBlog] 2025/09/18 17:00:58.592553 [INFO] CreateArticle success, article id: 9, author id: 6
[ginBlog] 2025/09/18 17:01:01.065145 [INFO] GetArticleList success, article count: 6
[ginBlog] 2025/09/18 17:01:32.820800 [INFO] UserLogin success, userid: 6
[ginBlog] 2025/09/18 17:01:42.174104 [INFO] UpdateArticle success, article id: 9
[ginBlog] 2025/09/18 17:07:40.737561 [INFO] CreateArticle success, article id: 10, author id: 6
[ginBlog] 2025/09/18 17:08:08.356656 [INFO] UserLogin success, userid: 6
[ginBlog] 2025/09/18 17:08:13.572988 [INFO] UpdateArticle success, article id: 6
[ginBlog] 2025/09/18 17:08:20.853556 [INFO] DeleteArticle success, article id: 10
[ginBlog] 2025/09/18 17:22:04.225416 [INFO] CreateArticle success, article id: 11, author id: 6
[ginBlog] 2025/09/18 17:25:49.414503 [INFO] UpdateArticle success, article id: 6
[ginBlog] 2025/09/18 17:25:56.270876 [INFO] GetArticleList success, article count: 7
