[ginBlog] 2025/09/16 16:34:34.967671 [INFO] Server Start ...
[ginBlog] 2025/09/16 16:36:40.684065 [INFO] Server Start ...
[ginBlog] 2025/09/16 16:37:51.813141 [INFO] UserLogin success, userid: 6
[ginBlog] 2025/09/16 16:40:52.120216 [INFO] Server Start ...
[ginBlog] 2025/09/16 16:45:35.648919 [INFO] Server Start ...
[ginBlog] 2025/09/16 16:47:45.392536 [INFO] Server Start ...
[ginBlog] 2025/09/16 16:47:45.694148 [INFO] UserLogin success, userid: 6
[ginBlog] 2025/09/16 16:48:20.090639 [INFO] UserLogin success, userid: 6
[ginBlog] 2025/09/16 16:49:00.797043 [INFO] Server Start ...
[ginBlog] 2025/09/16 16:49:04.510018 [INFO] UserLogin success, userid: 6
[ginBlog] 2025/09/16 16:51:21.110754 [INFO] Server Start ...
[ginBlog] 2025/09/16 16:51:27.509986 [INFO] UserLogin success, userid: 6
[ginBlog] 2025/09/16 16:51:40.818690 [INFO] UserLogin success, userid: 6
[ginBlog] 2025/09/16 16:52:45.364437 [INFO] UserLogin success, userid: 6
[ginBlog] 2025/09/16 17:04:43.279543 [INFO] Server Start ...
[ginBlog] 2025/09/16 17:07:36.470786 [INFO] Server Start ...
[ginBlog] 2025/09/16 17:07:59.611316 [INFO] UserLogin success, userid: 6
[ginBlog] 2025/09/16 17:08:18.087321 [INFO] UserSignup success, userid: 16
[ginBlog] 2025/09/16 17:08:23.144143 [INFO] UserLogin success, userid: 16
[ginBlog] 2025/09/16 17:15:06.692723 [INFO] Server Start ...
[ginBlog] 2025/09/16 17:17:30.466146 [INFO] Server Start ...
[ginBlog] 2025/09/16 17:17:53.548736 [INFO] Server Start ...
[ginBlog] 2025/09/16 17:19:43.594373 [INFO] CreateArticle success, article id: 1, author id: 6
[ginBlog] 2025/09/16 17:25:22.871540 [INFO] Server Start ...
[ginBlog] 2025/09/16 17:25:29.686757 [INFO] UpdateArticle success, article id: 1
[ginBlog] 2025/09/16 17:28:50.829903 [INFO] CreateArticle success, article id: 3, author id: 8
[ginBlog] 2025/09/16 17:29:16.026934 [INFO] UserLogin success, userid: 16
