[ginBlog] 2025/09/17 13:58:20.930616 [INFO] Server Start ...
[ginBlog] 2025/09/17 13:58:28.105341 [INFO] UserLogin success, userid: 6
[ginBlog] 2025/09/17 14:02:09.615505 [INFO] UserLogin success, userid: 6
[ginBlog] 2025/09/17 14:12:40.202111 [INFO] UserLogin success, userid: 6
[ginBlog] 2025/09/17 14:22:01.983672 [INFO] Server Start ...
[ginBlog] 2025/09/17 14:22:31.576948 [INFO] UserLogin success, userid: 6
[ginBlog] 2025/09/17 14:32:58.316714 [INFO] UserLogin success, userid: 6
[ginBlog] 2025/09/17 14:34:28.714913 [INFO] Server Start ...
[ginBlog] 2025/09/17 14:34:40.488398 [INFO] UserLogin success, userid: 6
[ginBlog] 2025/09/17 14:37:07.310148 [INFO] UserLogin success, userid: 16
[ginBlog] 2025/09/17 14:37:46.212213 [INFO] UserLogin success, userid: 6
[ginBlog] 2025/09/17 14:38:45.614028 [INFO] UserLogin success, userid: 6
[ginBlog] 2025/09/17 14:39:15.966290 [INFO] UserLogin success, userid: 6
[ginBlog] 2025/09/17 14:42:52.431961 [INFO] UserLogin success, userid: 6
[ginBlog] 2025/09/17 14:49:37.963691 [INFO] Server Start ...
[ginBlog] 2025/09/17 14:59:29.483115 [INFO] Server Start ...
[ginBlog] 2025/09/17 15:00:04.505896 [INFO] UserLogin success, userid: 6
[ginBlog] 2025/09/17 15:00:24.586337 [INFO] UpdateArticle success, article id: 1
[ginBlog] 2025/09/17 15:00:53.497302 [INFO] UpdateArticle success, article id: 3
[ginBlog] 2025/09/17 15:05:09.306830 [INFO] UserLogin success, userid: 6
[ginBlog] 2025/09/17 15:08:59.673349 [INFO] UserLogin success, userid: 6
[ginBlog] 2025/09/17 15:18:23.454473 [INFO] Server Start ...
[ginBlog] 2025/09/17 15:22:32.182998 [INFO] UserLogin success, userid: 6
[ginBlog] 2025/09/17 15:25:34.776971 [INFO] Server Start ...
[ginBlog] 2025/09/17 15:28:03.195660 [INFO] Server Start ...
[ginBlog] 2025/09/17 15:29:42.614391 [INFO] Server Start ...
[ginBlog] 2025/09/17 15:32:40.486207 [INFO] Server Start ...
[ginBlog] 2025/09/17 15:33:05.929058 [INFO] UserLogin success, userid: 6
[ginBlog] 2025/09/17 15:33:28.787199 [INFO] UserLogin success, userid: 6
[ginBlog] 2025/09/17 15:38:28.350112 [INFO] Server Start ...
[ginBlog] 2025/09/17 15:39:05.169975 [INFO] Server Start ...
[ginBlog] 2025/09/17 15:39:12.588430 [INFO] GetArticleList success, article count: 2
[ginBlog] 2025/09/17 15:39:35.269764 [INFO] GetArticleList success, article count: 2
[ginBlog] 2025/09/17 15:40:05.784824 [INFO] CreateArticle success, article id: 4, author id: 6
[ginBlog] 2025/09/17 15:40:09.979625 [INFO] GetArticleList success, article count: 3
[ginBlog] 2025/09/17 15:40:14.547336 [INFO] GetArticleList success, article count: 3
[ginBlog] 2025/09/17 15:43:27.062848 [INFO] Server Start ...
[ginBlog] 2025/09/17 15:43:39.604702 [INFO] UserLogin success, userid: 16
[ginBlog] 2025/09/17 15:43:41.935315 [INFO] GetArticleList success, article count: 3
[ginBlog] 2025/09/17 15:44:15.399825 [INFO] GetArticleList success, article count: 3
[ginBlog] 2025/09/17 15:44:16.991972 [INFO] GetArticleList success, article count: 3
[ginBlog] 2025/09/17 15:44:17.845428 [INFO] GetArticleList success, article count: 3
[ginBlog] 2025/09/17 15:44:36.443098 [INFO] UserLogin success, userid: 6
[ginBlog] 2025/09/17 15:44:39.574324 [INFO] GetArticleList success, article count: 3
